#
# There is insufficient memory for the Java Runtime Environment to continue.
# Native memory allocation (malloc) failed to allocate 1273696 bytes for Chunk::new
# Possible reasons:
#   The system is out of physical RAM or swap space
#   In 32 bit mode, the process size limit was hit
# Possible solutions:
#   Reduce memory load on the system
#   Increase physical memory or swap space
#   Check if swap backing store is full
#   Use 64 bit Java on a 64 bit OS
#   Decrease Java heap size (-Xmx/-Xms)
#   Decrease number of Java threads
#   Decrease Java thread stack sizes (-Xss)
#   Set larger code cache with -XX:ReservedCodeCacheSize=
# This output file may be truncated or incomplete.
#
#  Out of Memory Error (allocation.cpp:390), pid=6160, tid=0x00000000000018b4
#
# JRE version: Java(TM) SE Runtime Environment (8.0_111-b14) (build 1.8.0_111-b14)
# Java VM: Java HotSpot(TM) 64-Bit Server VM (25.111-b14 mixed mode windows-amd64 compressed oops)
# Failed to write core dump. Minidumps are not enabled by default on client versions of Windows
#

---------------  T H R E A D  ---------------

Current thread (0x000000005651c800):  JavaThread "C2 CompilerThread0" daemon [_thread_in_native, id=6324, stack(0x0000000056b40000,0x0000000056c40000)]

Stack: [0x0000000056b40000,0x0000000056c40000]
[error occurred during error reporting (printing stack bounds), id 0xc0000005]

Native frames: (J=compiled Java code, j=interpreted, Vv=VM code, C=native code)


Current CompileTask:
C2:  32254 3524   !   4       org.springframework.util.ReflectionUtils::doWithMethods (193 bytes)


---------------  P R O C E S S  ---------------

Java Threads: ( => current thread )
  0x000000005a181000 JavaThread "HikariPool-1 connection adder" daemon [_thread_in_native, id=9068, stack(0x000000005f600000,0x000000005f700000)]
  0x000000005a180800 JavaThread "HikariPool-1 housekeeper" daemon [_thread_blocked, id=7568, stack(0x000000005fa20000,0x000000005fb20000)]
  0x000000005a17f800 JavaThread "PostgreSQL-JDBC-SharedTimer-1" daemon [_thread_blocked, id=2432, stack(0x000000005f850000,0x000000005f950000)]
  0x000000005a17f000 JavaThread "http-nio-8080-Acceptor" daemon [_thread_in_native, id=8564, stack(0x000000005eb90000,0x000000005ec90000)]
  0x000000005a17e000 JavaThread "http-nio-8080-ClientPoller" daemon [_thread_in_native, id=6904, stack(0x000000005f110000,0x000000005f210000)]
  0x000000005a17d800 JavaThread "http-nio-8080-exec-10" daemon [_thread_blocked, id=6552, stack(0x000000005ef10000,0x000000005f010000)]
  0x000000005a17c800 JavaThread "http-nio-8080-exec-9" daemon [_thread_blocked, id=5856, stack(0x000000005c760000,0x000000005c860000)]
  0x000000005a17c000 JavaThread "http-nio-8080-exec-8" daemon [_thread_blocked, id=6292, stack(0x000000005ee00000,0x000000005ef00000)]
  0x000000005a17b000 JavaThread "http-nio-8080-exec-7" daemon [_thread_blocked, id=1864, stack(0x000000005ecb0000,0x000000005edb0000)]
  0x000000005a17a800 JavaThread "http-nio-8080-exec-6" daemon [_thread_blocked, id=5080, stack(0x000000005ea60000,0x000000005eb60000)]
  0x000000005a179800 JavaThread "http-nio-8080-exec-5" daemon [_thread_blocked, id=5452, stack(0x000000005e800000,0x000000005e900000)]
  0x000000005a179000 JavaThread "http-nio-8080-exec-4" daemon [_thread_blocked, id=5124, stack(0x000000005e6d0000,0x000000005e7d0000)]
  0x000000005a178000 JavaThread "http-nio-8080-exec-3" daemon [_thread_blocked, id=4688, stack(0x000000005e530000,0x000000005e630000)]
  0x000000005a177800 JavaThread "http-nio-8080-exec-2" daemon [_thread_blocked, id=3548, stack(0x000000005df90000,0x000000005e090000)]
  0x000000005a176800 JavaThread "http-nio-8080-exec-1" daemon [_thread_blocked, id=5416, stack(0x000000005e3d0000,0x000000005e4d0000)]
  0x000000005a176000 JavaThread "http-nio-8080-BlockPoller" daemon [_thread_in_native, id=8028, stack(0x000000005e230000,0x000000005e330000)]
  0x0000000058472000 JavaThread "task-1" [_thread_in_native, id=4760, stack(0x000000005c860000,0x000000005c960000)]
  0x0000000057ae8800 JavaThread "container-0" [_thread_blocked, id=1828, stack(0x00000000593b0000,0x00000000594b0000)]
  0x000000005ac16000 JavaThread "Catalina-utility-2" [_thread_blocked, id=4416, stack(0x0000000059290000,0x0000000059390000)]
  0x000000005ac15800 JavaThread "Catalina-utility-1" [_thread_blocked, id=4228, stack(0x000000005c1b0000,0x000000005c2b0000)]
  0x00000000565ea800 JavaThread "Service Thread" daemon [_thread_blocked, id=6564, stack(0x0000000057780000,0x0000000057880000)]
  0x0000000056568000 JavaThread "C1 CompilerThread2" daemon [_thread_blocked, id=4152, stack(0x0000000056e80000,0x0000000056f80000)]
  0x000000005651d000 JavaThread "C2 CompilerThread1" daemon [_thread_in_native, id=8716, stack(0x0000000056c90000,0x0000000056d90000)]
=>0x000000005651c800 JavaThread "C2 CompilerThread0" daemon [_thread_in_native, id=6324, stack(0x0000000056b40000,0x0000000056c40000)]
  0x000000005651a800 JavaThread "Monitor Ctrl-Break" daemon [_thread_in_native, id=2756, stack(0x0000000056990000,0x0000000056a90000)]
  0x00000000561f2800 JavaThread "Attach Listener" daemon [_thread_blocked, id=5480, stack(0x0000000056890000,0x0000000056990000)]
  0x0000000054f1e800 JavaThread "Signal Dispatcher" daemon [_thread_blocked, id=8788, stack(0x0000000056720000,0x0000000056820000)]
  0x0000000054f04000 JavaThread "Finalizer" daemon [_thread_blocked, id=5616, stack(0x0000000055ea0000,0x0000000055fa0000)]
  0x0000000054ebd000 JavaThread "Reference Handler" daemon [_thread_blocked, id=4872, stack(0x00000000560f0000,0x00000000561f0000)]
  0x000000000204c000 JavaThread "main" [_thread_blocked, id=716, stack(0x00000000022e0000,0x00000000023e0000)]

Other Threads:
  0x0000000054eb1800 VMThread [stack: 0x0000000055fc0000,0x00000000560c0000] [id=7552]
  0x00000000565eb000 WatcherThread [stack: 0x0000000057960000,0x0000000057a60000] [id=4268]

VM state:not at safepoint (normal execution)

VM Mutex/Monitor currently owned by a thread: None

Heap:
 PSYoungGen      total 138240K, used 71724K [0x00000000eb980000, 0x00000000f4f80000, 0x0000000100000000)
  eden space 131072K, 54% used [0x00000000eb980000,0x00000000eff8b058,0x00000000f3980000)
  from space 7168K, 0% used [0x00000000f4080000,0x00000000f4080000,0x00000000f4780000)
  to   space 7168K, 0% used [0x00000000f3980000,0x00000000f3980000,0x00000000f4080000)
 ParOldGen       total 46080K, used 14215K [0x00000000c2c00000, 0x00000000c5900000, 0x00000000eb980000)
  object space 46080K, 30% used [0x00000000c2c00000,0x00000000c39e1f68,0x00000000c5900000)
 Metaspace       used 40400K, capacity 42740K, committed 42920K, reserved 1087488K
  class space    used 5395K, capacity 5792K, committed 5800K, reserved 1048576K

Card table byte_map: [0x0000000011b70000,0x0000000011d60000] byte_map_base: 0x000000001155a000

Marking Bits: (ParMarkBitMap*) 0x000000006559a6c0
 Begin Bits: [0x0000000012490000, 0x00000000133e0000)
 End Bits:   [0x00000000133e0000, 0x0000000014330000)

Polling page: 0x0000000000110000

CodeCache: size=245760Kb used=11576Kb max_used=11860Kb free=234183Kb
 bounds [0x00000000027b0000, 0x00000000033a0000, 0x00000000117b0000]
 total_blobs=3615 nmethods=3188 adapters=338
 compilation: enabled

Compilation events (10 events):
Event: 31.925 Thread 0x0000000056568000 3642   !   3       com.zaxxer.hikari.pool.HikariProxyResultSet::getInt (18 bytes)
Event: 31.925 Thread 0x0000000056568000 nmethod 3642 0x0000000002c52e10 code [0x0000000002c52fa0, 0x0000000002c53378]
Event: 31.925 Thread 0x0000000056568000 3643       3       org.postgresql.jdbc.PgResultSet::getInt (10 bytes)
Event: 31.925 Thread 0x0000000056568000 nmethod 3643 0x0000000002a26650 code [0x0000000002a267c0, 0x0000000002a26998]
Event: 31.925 Thread 0x0000000056568000 3644   !   3       org.postgresql.jdbc.PgResultSet::getInt (122 bytes)
Event: 31.927 Thread 0x0000000056568000 nmethod 3644 0x0000000002a0fd10 code [0x0000000002a0ff80, 0x0000000002a10c58]
Event: 31.927 Thread 0x0000000056568000 3640       3       java.math.BigInteger::getInt (63 bytes)
Event: 31.928 Thread 0x0000000056568000 nmethod 3640 0x0000000002c52790 code [0x0000000002c52920, 0x0000000002c52ce8]
Event: 32.020 Thread 0x0000000056568000 3646       3       sun.misc.URLClassPath::access$000 (6 bytes)
Event: 32.021 Thread 0x0000000056568000 nmethod 3646 0x0000000003002e10 code [0x0000000003002f80, 0x00000000030030e8]

GC Heap History (10 events):
Event: 15.671 GC heap before
{Heap before GC invocations=10 (full 1):
 PSYoungGen      total 68096K, used 3814K [0x00000000eb980000, 0x00000000f2580000, 0x0000000100000000)
  eden space 61952K, 0% used [0x00000000eb980000,0x00000000eb980000,0x00000000ef600000)
  from space 6144K, 62% used [0x00000000ef600000,0x00000000ef9b9a00,0x00000000efc00000)
  to   space 5632K, 0% used [0x00000000f2000000,0x00000000f2000000,0x00000000f2580000)
 ParOldGen       total 42496K, used 8016K [0x00000000c2c00000, 0x00000000c5580000, 0x00000000eb980000)
  object space 42496K, 18% used [0x00000000c2c00000,0x00000000c33d4390,0x00000000c5580000)
 Metaspace       used 20295K, capacity 21178K, committed 21296K, reserved 1069056K
  class space    used 2523K, capacity 2727K, committed 2816K, reserved 1048576K
Event: 15.731 GC heap after
Heap after GC invocations=10 (full 1):
 PSYoungGen      total 68096K, used 0K [0x00000000eb980000, 0x00000000f2580000, 0x0000000100000000)
  eden space 61952K, 0% used [0x00000000eb980000,0x00000000eb980000,0x00000000ef600000)
  from space 6144K, 0% used [0x00000000ef600000,0x00000000ef600000,0x00000000efc00000)
  to   space 5632K, 0% used [0x00000000f2000000,0x00000000f2000000,0x00000000f2580000)
 ParOldGen       total 30720K, used 8760K [0x00000000c2c00000, 0x00000000c4a00000, 0x00000000eb980000)
  object space 30720K, 28% used [0x00000000c2c00000,0x00000000c348e0b8,0x00000000c4a00000)
 Metaspace       used 20295K, capacity 21178K, committed 21296K, reserved 1069056K
  class space    used 2523K, capacity 2727K, committed 2816K, reserved 1048576K
}
Event: 18.413 GC heap before
{Heap before GC invocations=11 (full 1):
 PSYoungGen      total 68096K, used 61952K [0x00000000eb980000, 0x00000000f2580000, 0x0000000100000000)
  eden space 61952K, 100% used [0x00000000eb980000,0x00000000ef600000,0x00000000ef600000)
  from space 6144K, 0% used [0x00000000ef600000,0x00000000ef600000,0x00000000efc00000)
  to   space 5632K, 0% used [0x00000000f2000000,0x00000000f2000000,0x00000000f2580000)
 ParOldGen       total 30720K, used 8760K [0x00000000c2c00000, 0x00000000c4a00000, 0x00000000eb980000)
  object space 30720K, 28% used [0x00000000c2c00000,0x00000000c348e0b8,0x00000000c4a00000)
 Metaspace       used 24937K, capacity 26302K, committed 26624K, reserved 1073152K
  class space    used 3199K, capacity 3481K, committed 3584K, reserved 1048576K
Event: 18.428 GC heap after
Heap after GC invocations=11 (full 1):
 PSYoungGen      total 96768K, used 5606K [0x00000000eb980000, 0x00000000f2580000, 0x0000000100000000)
  eden space 91136K, 0% used [0x00000000eb980000,0x00000000eb980000,0x00000000f1280000)
  from space 5632K, 99% used [0x00000000f2000000,0x00000000f2579960,0x00000000f2580000)
  to   space 6656K, 0% used [0x00000000f1880000,0x00000000f1880000,0x00000000f1f00000)
 ParOldGen       total 30720K, used 9823K [0x00000000c2c00000, 0x00000000c4a00000, 0x00000000eb980000)
  object space 30720K, 31% used [0x00000000c2c00000,0x00000000c3597ee0,0x00000000c4a00000)
 Metaspace       used 24937K, capacity 26302K, committed 26624K, reserved 1073152K
  class space    used 3199K, capacity 3481K, committed 3584K, reserved 1048576K
}
Event: 26.459 GC heap before
{Heap before GC invocations=12 (full 1):
 PSYoungGen      total 96768K, used 96742K [0x00000000eb980000, 0x00000000f2580000, 0x0000000100000000)
  eden space 91136K, 100% used [0x00000000eb980000,0x00000000f1280000,0x00000000f1280000)
  from space 5632K, 99% used [0x00000000f2000000,0x00000000f2579960,0x00000000f2580000)
  to   space 6656K, 0% used [0x00000000f1880000,0x00000000f1880000,0x00000000f1f00000)
 ParOldGen       total 30720K, used 9823K [0x00000000c2c00000, 0x00000000c4a00000, 0x00000000eb980000)
  object space 30720K, 31% used [0x00000000c2c00000,0x00000000c3597ee0,0x00000000c4a00000)
 Metaspace       used 29675K, capacity 31526K, committed 31616K, reserved 1077248K
  class space    used 3831K, capacity 4177K, committed 4224K, reserved 1048576K
Event: 26.473 GC heap after
Heap after GC invocations=12 (full 1):
 PSYoungGen      total 103936K, used 5408K [0x00000000eb980000, 0x00000000f4780000, 0x0000000100000000)
  eden space 97280K, 0% used [0x00000000eb980000,0x00000000eb980000,0x00000000f1880000)
  from space 6656K, 81% used [0x00000000f1880000,0x00000000f1dc8368,0x00000000f1f00000)
  to   space 7168K, 0% used [0x00000000f4080000,0x00000000f4080000,0x00000000f4780000)
 ParOldGen       total 30720K, used 12379K [0x00000000c2c00000, 0x00000000c4a00000, 0x00000000eb980000)
  object space 30720K, 40% used [0x00000000c2c00000,0x00000000c3816f30,0x00000000c4a00000)
 Metaspace       used 29675K, capacity 31526K, committed 31616K, reserved 1077248K
  class space    used 3831K, capacity 4177K, committed 4224K, reserved 1048576K
}
Event: 28.275 GC heap before
{Heap before GC invocations=13 (full 1):
 PSYoungGen      total 103936K, used 46793K [0x00000000eb980000, 0x00000000f4780000, 0x0000000100000000)
  eden space 97280K, 42% used [0x00000000eb980000,0x00000000ee1ea120,0x00000000f1880000)
  from space 6656K, 81% used [0x00000000f1880000,0x00000000f1dc8368,0x00000000f1f00000)
  to   space 7168K, 0% used [0x00000000f4080000,0x00000000f4080000,0x00000000f4780000)
 ParOldGen       total 30720K, used 12379K [0x00000000c2c00000, 0x00000000c4a00000, 0x00000000eb980000)
  object space 30720K, 40% used [0x00000000c2c00000,0x00000000c3816f30,0x00000000c4a00000)
 Metaspace       used 33434K, capacity 35442K, committed 35496K, reserved 1079296K
  class space    used 4389K, capacity 4741K, committed 4776K, reserved 1048576K
Event: 28.291 GC heap after
Heap after GC invocations=13 (full 1):
 PSYoungGen      total 138240K, used 4834K [0x00000000eb980000, 0x00000000f4f80000, 0x0000000100000000)
  eden space 131072K, 0% used [0x00000000eb980000,0x00000000eb980000,0x00000000f3980000)
  from space 7168K, 67% used [0x00000000f4080000,0x00000000f4538960,0x00000000f4780000)
  to   space 7168K, 0% used [0x00000000f3980000,0x00000000f3980000,0x00000000f4080000)
 ParOldGen       total 30720K, used 14657K [0x00000000c2c00000, 0x00000000c4a00000, 0x00000000eb980000)
  object space 30720K, 47% used [0x00000000c2c00000,0x00000000c3a50650,0x00000000c4a00000)
 Metaspace       used 33434K, capacity 35442K, committed 35496K, reserved 1079296K
  class space    used 4389K, capacity 4741K, committed 4776K, reserved 1048576K
}
Event: 28.291 GC heap before
{Heap before GC invocations=14 (full 2):
 PSYoungGen      total 138240K, used 4834K [0x00000000eb980000, 0x00000000f4f80000, 0x0000000100000000)
  eden space 131072K, 0% used [0x00000000eb980000,0x00000000eb980000,0x00000000f3980000)
  from space 7168K, 67% used [0x00000000f4080000,0x00000000f4538960,0x00000000f4780000)
  to   space 7168K, 0% used [0x00000000f3980000,0x00000000f3980000,0x00000000f4080000)
 ParOldGen       total 30720K, used 14657K [0x00000000c2c00000, 0x00000000c4a00000, 0x00000000eb980000)
  object space 30720K, 47% used [0x00000000c2c00000,0x00000000c3a50650,0x00000000c4a00000)
 Metaspace       used 33434K, capacity 35442K, committed 35496K, reserved 1079296K
  class space    used 4389K, capacity 4741K, committed 4776K, reserved 1048576K
Event: 28.445 GC heap after
Heap after GC invocations=14 (full 2):
 PSYoungGen      total 138240K, used 0K [0x00000000eb980000, 0x00000000f4f80000, 0x0000000100000000)
  eden space 131072K, 0% used [0x00000000eb980000,0x00000000eb980000,0x00000000f3980000)
  from space 7168K, 0% used [0x00000000f4080000,0x00000000f4080000,0x00000000f4780000)
  to   space 7168K, 0% used [0x00000000f3980000,0x00000000f3980000,0x00000000f4080000)
 ParOldGen       total 46080K, used 14215K [0x00000000c2c00000, 0x00000000c5900000, 0x00000000eb980000)
  object space 46080K, 30% used [0x00000000c2c00000,0x00000000c39e1f68,0x00000000c5900000)
 Metaspace       used 33434K, capacity 35442K, committed 35496K, reserved 1079296K
  class space    used 4389K, capacity 4741K, committed 4776K, reserved 1048576K
}

Deoptimization events (10 events):
Event: 30.265 Thread 0x000000000204c000 Uncommon trap: reason=unstable_if action=reinterpret pc=0x0000000002c5662c method=java.util.concurrent.ConcurrentHashMap.transfer([Ljava/util/concurrent/ConcurrentHashMap$Node;[Ljava/util/concurrent/ConcurrentHashMap$Node;)V @ 356
Event: 30.383 Thread 0x0000000058472000 Uncommon trap: reason=unstable_if action=reinterpret pc=0x00000000031889d0 method=java.net.URI.match(CJJ)Z @ 45
Event: 30.755 Thread 0x000000000204c000 Uncommon trap: reason=unstable_if action=reinterpret pc=0x00000000030f3e78 method=org.springframework.core.annotation.TypeMappedAnnotations$MergedAnnotationFinder.doWithAnnotations(Ljava/lang/Object;ILjava/lang/Object;[Ljava/lang/annotation/Annotation;)Lo
Event: 30.757 Thread 0x000000000204c000 Uncommon trap: reason=unstable_if action=reinterpret pc=0x0000000002efb680 method=org.springframework.beans.factory.support.AbstractAutowireCapableBeanFactory.determineTargetType(Ljava/lang/String;Lorg/springframework/beans/factory/support/RootBeanDefinit
Event: 30.773 Thread 0x000000000204c000 Uncommon trap: reason=unstable_if action=reinterpret pc=0x0000000002d98c7c method=org.springframework.asm.ClassReader.readUtf(II[C)Ljava/lang/String; @ 41
Event: 30.845 Thread 0x0000000058472000 Uncommon trap: reason=unstable_if action=reinterpret pc=0x0000000002c84cd4 method=java.lang.CharacterDataLatin1.digit(II)I @ 60
Event: 30.980 Thread 0x000000000204c000 Uncommon trap: reason=unstable_if action=reinterpret pc=0x0000000003341258 method=org.springframework.core.annotation.AnnotationsScanner.processClassInheritedAnnotations(Ljava/lang/Object;Ljava/lang/Class;Lorg/springframework/core/annotation/MergedAnnotat
Event: 31.264 Thread 0x0000000058472000 Uncommon trap: reason=unstable_if action=reinterpret pc=0x0000000002e07694 method=java.lang.CharacterDataLatin1.isWhitespace(I)Z @ 14
Event: 31.265 Thread 0x0000000058472000 Uncommon trap: reason=unstable_if action=reinterpret pc=0x0000000002aab62c method=java.lang.CharacterDataLatin1.isWhitespace(I)Z @ 14
Event: 31.350 Thread 0x0000000058472000 Uncommon trap: reason=null_check action=make_not_entrant pc=0x00000000029599e4 method=java.lang.reflect.Array.newInstance(Ljava/lang/Class;I)Ljava/lang/Object; @ 2

Internal exceptions (10 events):
Event: 30.746 Thread 0x000000000204c000 Exception <a 'java/lang/ClassNotFoundException': org/springframework/beans/factory/AwareCustomizer> (0x00000000ee776e70) thrown at [C:\re\workspace\8-2-build-windows-amd64-cygwin\jdk8u111\7883\hotspot\src\share\vm\classfile\systemDictionary.cpp, line 210]
Event: 30.747 Thread 0x000000000204c000 Exception <a 'java/lang/ClassNotFoundException': org/springframework/beans/factory/BeanFactoryAwareCustomizer> (0x00000000ee78c950) thrown at [C:\re\workspace\8-2-build-windows-amd64-cygwin\jdk8u111\7883\hotspot\src\share\vm\classfile\systemDictionary.cpp
Event: 30.747 Thread 0x000000000204c000 Exception <a 'java/lang/ClassNotFoundException': org/springframework/beans/factory/AwareCustomizer> (0x00000000ee7a0b80) thrown at [C:\re\workspace\8-2-build-windows-amd64-cygwin\jdk8u111\7883\hotspot\src\share\vm\classfile\systemDictionary.cpp, line 210]
Event: 30.748 Thread 0x000000000204c000 Exception <a 'java/lang/ClassNotFoundException': org/springframework/context/ApplicationEventPublisherAwareCustomizer> (0x00000000ee96d508) thrown at [C:\re\workspace\8-2-build-windows-amd64-cygwin\jdk8u111\7883\hotspot\src\share\vm\classfile\systemDictio
Event: 30.749 Thread 0x000000000204c000 Exception <a 'java/lang/ClassNotFoundException': org/springframework/beans/factory/AwareCustomizer> (0x00000000ee9818e0) thrown at [C:\re\workspace\8-2-build-windows-amd64-cygwin\jdk8u111\7883\hotspot\src\share\vm\classfile\systemDictionary.cpp, line 210]
Event: 30.760 Thread 0x000000000204c000 Exception <a 'java/lang/ClassNotFoundException': java/lang/ObjectCustomizer> (0x00000000ee9c2ac0) thrown at [C:\re\workspace\8-2-build-windows-amd64-cygwin\jdk8u111\7883\hotspot\src\share\vm\classfile\systemDictionary.cpp, line 210]
Event: 30.761 Thread 0x000000000204c000 Exception <a 'java/lang/ClassNotFoundException': org/springframework/core/io/support/PropertiesLoaderSupportCustomizer> (0x00000000ee9de5a0) thrown at [C:\re\workspace\8-2-build-windows-amd64-cygwin\jdk8u111\7883\hotspot\src\share\vm\classfile\systemDicti
Event: 30.763 Thread 0x000000000204c000 Exception <a 'java/lang/ClassNotFoundException': org/springframework/beans/factory/config/PropertiesFactoryBeanCustomizer> (0x00000000eea007e8) thrown at [C:\re\workspace\8-2-build-windows-amd64-cygwin\jdk8u111\7883\hotspot\src\share\vm\classfile\systemDi
Event: 30.766 Thread 0x000000000204c000 Exception <a 'java/lang/ClassNotFoundException': org/springframework/beans/factory/FactoryBeanCustomizer> (0x00000000eea2ac28) thrown at [C:\re\workspace\8-2-build-windows-amd64-cygwin\jdk8u111\7883\hotspot\src\share\vm\classfile\systemDictionary.cpp, lin
Event: 30.767 Thread 0x000000000204c000 Exception <a 'java/lang/ClassNotFoundException': org/springframework/beans/factory/InitializingBeanCustomizer> (0x00000000eea43b38) thrown at [C:\re\workspace\8-2-build-windows-amd64-cygwin\jdk8u111\7883\hotspot\src\share\vm\classfile\systemDictionary.cpp

Events (10 events):
Event: 32.065 loading class org/hibernate/boot/model/source/internal/hbm/Helper$InLineViewNameInferrer
Event: 32.065 loading class org/hibernate/boot/model/source/internal/hbm/Helper$InLineViewNameInferrer done
Event: 32.065 loading class org/hibernate/boot/model/source/internal/hbm/AbstractHbmSourceNode
Event: 32.065 loading class org/hibernate/boot/model/source/internal/hbm/AbstractHbmSourceNode done
Event: 32.066 loading class org/hibernate/boot/model/source/internal/hbm/RootEntitySourceImpl
Event: 32.066 loading class org/hibernate/boot/model/source/internal/hbm/RootEntitySourceImpl done
Event: 32.096 loading class org/hibernate/boot/jaxb/hbm/spi/JaxbHbmSubclassEntityBaseDefinition
Event: 32.096 loading class org/hibernate/boot/jaxb/hbm/spi/JaxbHbmSubclassEntityBaseDefinition done
Event: 32.124 loading class org/hibernate/boot/jaxb/hbm/spi/JaxbHbmEntityBaseDefinition
Event: 32.124 loading class org/hibernate/boot/jaxb/hbm/spi/JaxbHbmEntityBaseDefinition done


Dynamic libraries:
0x000000013fc20000 - 0x000000013fc57000 	C:\Program Files\Java\jdk1.8.0_111\bin\java.exe
0x0000000077550000 - 0x00000000776ef000 	C:\Windows\SYSTEM32\ntdll.dll
0x0000000077430000 - 0x000000007754f000 	C:\Windows\system32\kernel32.dll
0x000007fefd3e0000 - 0x000007fefd447000 	C:\Windows\system32\KERNELBASE.dll
0x000007fefee90000 - 0x000007fefef6b000 	C:\Windows\system32\ADVAPI32.dll
0x000007feff2f0000 - 0x000007feff38f000 	C:\Windows\system32\msvcrt.dll
0x000007fefedc0000 - 0x000007fefeddf000 	C:\Windows\SYSTEM32\sechost.dll
0x000007fefdba0000 - 0x000007fefdccc000 	C:\Windows\system32\RPCRT4.dll
0x0000000077330000 - 0x000000007742b000 	C:\Windows\system32\USER32.dll
0x000007feff7d0000 - 0x000007feff837000 	C:\Windows\system32\GDI32.dll
0x000007fefdb90000 - 0x000007fefdb9e000 	C:\Windows\system32\LPK.dll
0x000007fefecf0000 - 0x000007fefedbb000 	C:\Windows\system32\USP10.dll
0x000007fefb620000 - 0x000007fefb815000 	C:\Windows\WinSxS\amd64_microsoft.windows.common-controls_6595b64144ccf1df_6.0.7601.24483_none_e372d88f30fbb845\COMCTL32.dll
0x000007fefd460000 - 0x000007fefd4d1000 	C:\Windows\system32\SHLWAPI.dll
0x000007feff4b0000 - 0x000007feff4de000 	C:\Windows\system32\IMM32.DLL
0x000007feff050000 - 0x000007feff15b000 	C:\Windows\system32\MSCTF.dll
0x000007fefcfd0000 - 0x000007fefd010000 	C:\Windows\system32\nvinitx.dll
0x000000006ea40000 - 0x000000006eb12000 	C:\Program Files\Java\jdk1.8.0_111\jre\bin\msvcr100.dll
0x0000000064d80000 - 0x000000006561a000 	C:\Program Files\Java\jdk1.8.0_111\jre\bin\server\jvm.dll
0x000007fef8970000 - 0x000007fef8979000 	C:\Windows\system32\WSOCK32.dll
0x000007fefea60000 - 0x000007fefeaad000 	C:\Windows\system32\WS2_32.dll
0x000007fefee80000 - 0x000007fefee88000 	C:\Windows\system32\NSI.dll
0x000007fefa550000 - 0x000007fefa58b000 	C:\Windows\system32\WINMM.dll
0x000007fefc120000 - 0x000007fefc12c000 	C:\Windows\system32\VERSION.dll
0x00000000776f0000 - 0x00000000776f7000 	C:\Windows\system32\PSAPI.DLL
0x0000000070b30000 - 0x0000000070b3f000 	C:\Program Files\Java\jdk1.8.0_111\jre\bin\verify.dll
0x0000000070a40000 - 0x0000000070a69000 	C:\Program Files\Java\jdk1.8.0_111\jre\bin\java.dll
0x000000006cd10000 - 0x000000006cd33000 	C:\Program Files\Java\jdk1.8.0_111\jre\bin\instrument.dll
0x0000000070a20000 - 0x0000000070a36000 	C:\Program Files\Java\jdk1.8.0_111\jre\bin\zip.dll
0x000007fefdcd0000 - 0x000007fefea5b000 	C:\Windows\system32\SHELL32.dll
0x000007fefd990000 - 0x000007fefdb8f000 	C:\Windows\system32\ole32.dll
0x000007fefd0b0000 - 0x000007fefd0bf000 	C:\Windows\system32\profapi.dll
0x000007fef1440000 - 0x000007fef145a000 	C:\Program Files\JetBrains\IntelliJ IDEA Community Edition 2020.1.3\bin\breakgen64.dll
0x000000006ebb0000 - 0x000000006ebca000 	C:\Program Files\Java\jdk1.8.0_111\jre\bin\net.dll
0x000007fefc7a0000 - 0x000007fefc7f5000 	C:\Windows\system32\mswsock.dll
0x000007fefc790000 - 0x000007fefc797000 	C:\Windows\System32\wship6.dll
0x0000000070a10000 - 0x0000000070a1d000 	C:\Program Files\Java\jdk1.8.0_111\jre\bin\management.dll
0x000007fefb310000 - 0x000007fefb325000 	C:\Windows\system32\NLAapi.dll
0x000007fef6d30000 - 0x000007fef6d45000 	C:\Windows\system32\napinsp.dll
0x000007fef6cf0000 - 0x000007fef6d09000 	C:\Windows\system32\pnrpnsp.dll
0x000007fef6ce0000 - 0x000007fef6cf0000 	C:\Windows\system32\wshbth.dll
0x000007fefc620000 - 0x000007fefc67b000 	C:\Windows\system32\DNSAPI.dll
0x000007fef6cd0000 - 0x000007fef6cdb000 	C:\Windows\System32\winrnr.dll
0x0000000070c30000 - 0x0000000070c56000 	C:\Program Files\Bonjour\mdnsNSP.dll
0x000007fefa3f0000 - 0x000007fefa417000 	C:\Windows\system32\Iphlpapi.DLL
0x000007fefa3e0000 - 0x000007fefa3eb000 	C:\Windows\system32\WINNSI.DLL
0x000007fefc1f0000 - 0x000007fefc1f7000 	C:\Windows\System32\wshtcpip.dll
0x000007fef6ca0000 - 0x000007fef6ca8000 	C:\Windows\system32\rasadhlp.dll
0x000007fef9e50000 - 0x000007fef9ea3000 	C:\Windows\System32\fwpuclnt.dll
0x000000006eb90000 - 0x000000006eba1000 	C:\Program Files\Java\jdk1.8.0_111\jre\bin\nio.dll
0x000007fefc800000 - 0x000007fefc818000 	C:\Windows\system32\CRYPTSP.dll
0x000007fefc500000 - 0x000007fefc547000 	C:\Windows\system32\rsaenh.dll
0x000007fefd0c0000 - 0x000007fefd0df000 	C:\Windows\system32\USERENV.dll
0x000007fefcf00000 - 0x000007fefcf0f000 	C:\Windows\system32\CRYPTBASE.dll
0x000007fef9dd0000 - 0x000007fef9de8000 	C:\Windows\system32\dhcpcsvc.DLL
0x000007fef9d90000 - 0x000007fef9da1000 	C:\Windows\system32\dhcpcsvc6.DLL

VM Arguments:
jvm_args: -javaagent:C:\Program Files\JetBrains\IntelliJ IDEA Community Edition 2020.1.3\lib\idea_rt.jar=60754:C:\Program Files\JetBrains\IntelliJ IDEA Community Edition 2020.1.3\bin -Dfile.encoding=UTF-8 
java_command: com.pharmacymanager.pharmacy.PharmacyApplication
java_class_path (initial): C:\Program Files\Java\jdk1.8.0_111\jre\lib\charsets.jar;C:\Program Files\Java\jdk1.8.0_111\jre\lib\deploy.jar;C:\Program Files\Java\jdk1.8.0_111\jre\lib\ext\access-bridge-64.jar;C:\Program Files\Java\jdk1.8.0_111\jre\lib\ext\cldrdata.jar;C:\Program Files\Java\jdk1.8.0_111\jre\lib\ext\dnsns.jar;C:\Program Files\Java\jdk1.8.0_111\jre\lib\ext\jaccess.jar;C:\Program Files\Java\jdk1.8.0_111\jre\lib\ext\jfxrt.jar;C:\Program Files\Java\jdk1.8.0_111\jre\lib\ext\localedata.jar;C:\Program Files\Java\jdk1.8.0_111\jre\lib\ext\nashorn.jar;C:\Program Files\Java\jdk1.8.0_111\jre\lib\ext\sunec.jar;C:\Program Files\Java\jdk1.8.0_111\jre\lib\ext\sunjce_provider.jar;C:\Program Files\Java\jdk1.8.0_111\jre\lib\ext\sunmscapi.jar;C:\Program Files\Java\jdk1.8.0_111\jre\lib\ext\sunpkcs11.jar;C:\Program Files\Java\jdk1.8.0_111\jre\lib\ext\zipfs.jar;C:\Program Files\Java\jdk1.8.0_111\jre\lib\javaws.jar;C:\Program Files\Java\jdk1.8.0_111\jre\lib\jce.jar;C:\Program Files\Java\jdk1.8.0_111\jre\lib\jfr.jar;C:\Program Files\Java\jdk1.8.0_111\jre\lib\jfxswt.jar;C:\Program Files\Java\jdk1.8.0_111\jre\lib\jsse.jar;C:\Program Files\Java\jdk1.8.0_111\jre\lib\management-agent.jar;C:\Program Files\Java\jdk1.8.0_111\jre\lib\plugin.jar;C:\Program Files\Java\jdk1.8.0_111\jre\lib\resources.jar;C:\Program Files\Java\jdk1.8.0_111\jre\lib\rt.jar;C:\Users\Серый\Desktop\pharmacy\target\classes;C:\Users\Серый\.m2\repository\org\springframework\boot\spring-boot-starter-data-jpa\2.4.0\spring-boot-starter-data-jpa-2.4.0.jar;C:\Users\Серый\.m2\repository\org\springframework\boot\spring-boot-starter-aop\2.4.0\spring-boot-starter-aop-2.4.0.jar;C:\Users\Серый\.m2\repository\org\springframework\spring-aop\5.3.1\spring-aop-5.3.1.jar;C:\Users\Серый\.m2\repository\org\aspectj\aspectjweaver\1.9.6\aspectjweaver-1.9.6.jar;C:\Users\Серый\.m2\repository\org\springframework\boot\spring-boot-starter-jdbc\2.4.0\spring-boot-starter-jdbc-2.4.0.jar;C:\Users\Серый\.m2\repository\com\zaxxer\HikariCP\3.4.5\Hik
Launcher Type: SUN_STANDARD

Environment Variables:
JAVA_HOME=C:\Program Files\Java\jdk1.8.0_111
PATH=C:\ProgramData\Oracle\Java\javapath;C:\Program Files (x86)\Common Files\Oracle\Java\javapath;C:\Windows\system32;C:\Windows;C:\Windows\System32\Wbem;C:\java_proj\tools\apache-maven-3.5.0\bin;C:\Program Files\Microsoft SQL Server\130\Tools\Binn\;C:\Program Files\PostgreSQL\11\bin;C:\PostgreSQL\11\bin;C:\Program Files\PostgreSQL\12\bin;C:\java_project\tools\apache-maven-3.6.3\bin;C:\Strawberry\perl\bin;C:\Strawberry\perl\site\bin;C:\Strawberry\c\bin;C:\Program Files\MySQL\MySQL Shell 8.0\bin\;C:\Users\Серый\AppData\Local\Programs\Python\Python38-32\Scripts\;C:\Users\Серый\AppData\Local\Programs\Python\Python38-32\;C:\Users\Серый\AppData\Local\GitHubDesktop\bin;D:\kuber;C:\Users\Серый\AppData\Local\Programs\Microsoft VS Code\bin
USERNAME=Серый
OS=Windows_NT
PROCESSOR_IDENTIFIER=Intel64 Family 6 Model 58 Stepping 9, GenuineIntel



---------------  S Y S T E M  ---------------

OS: Windows 7 , 64 bit Build 7601 (6.1.7601.24545)

CPU:total 4 (2 cores per cpu, 2 threads per core) family 6 model 58 stepping 9, cmov, cx8, fxsr, mmx, sse, sse2, sse3, ssse3, sse4.1, sse4.2, popcnt, avx, clmul, erms, ht, tsc, tscinvbit, tscinv

Memory: 4k page, physical 4008300k(99984k free), swap 6054400k(5756k free)

vm_info: Java HotSpot(TM) 64-Bit Server VM (25.111-b14) for windows-amd64 JRE (1.8.0_111-b14), built on Sep 22 2016 19:24:05 by "java_re" with MS VC++ 10.0 (VS2010)

time: Wed Nov 18 11:34:24 2020
elapsed time: 32 seconds (0d 0h 0m 32s)

